[debug] [2022-10-31T23:29:27.591Z] ----------------------------------------------------------------------
[debug] [2022-10-31T23:29:27.594Z] Command:       C:\Program Files\nodejs\node.exe C:\Program Files\nodejs\node_modules\firebase-tools\lib\bin\firebase.js init
[debug] [2022-10-31T23:29:27.595Z] CLI Version:   11.15.0
[debug] [2022-10-31T23:29:27.596Z] Platform:      win32
[debug] [2022-10-31T23:29:27.596Z] Node Version:  v18.9.0
[debug] [2022-10-31T23:29:27.597Z] Time:          Mon Oct 31 2022 20:29:27 GMT-0300 (hora estándar de Argentina)
[debug] [2022-10-31T23:29:27.598Z] ----------------------------------------------------------------------
[debug] 
[debug] [2022-10-31T23:29:27.798Z] > command requires scopes: ["email","openid","https://www.googleapis.com/auth/cloudplatformprojects.readonly","https://www.googleapis.com/auth/firebase","https://www.googleapis.com/auth/cloud-platform"]
[debug] [2022-10-31T23:29:27.799Z] > authorizing via signed-in user (alanrubenmarquez@gmail.com)
[info] 
     ######## #### ########  ######## ########     ###     ######  ########
     ##        ##  ##     ## ##       ##     ##  ##   ##  ##       ##
     ######    ##  ########  ######   ########  #########  ######  ######
     ##        ##  ##    ##  ##       ##     ## ##     ##       ## ##
     ##       #### ##     ## ######## ########  ##     ##  ######  ########

You're about to initialize a Firebase project in this directory:

  C:\Users\yo\Documents\web design\Angular\portafolio

Before we get started, keep in mind:

  * You are initializing within an existing Firebase project directory

[info] 
=== Project Setup
[info] 
[info] First, let's associate this project directory with a Firebase project.
[info] You can create multiple project aliases by running firebase use --add, 
[info] but for now we'll just set up a default project.
[info] 
[debug] [2022-10-31T23:29:33.563Z] Using project from CLI flag: portfolio-frontentd
[debug] [2022-10-31T23:29:33.566Z] > refreshing access token with scopes: []
[debug] [2022-10-31T23:29:33.573Z] >>> [apiv2][query] POST https://www.googleapis.com/oauth2/v3/token [none]
[debug] [2022-10-31T23:29:33.574Z] >>> [apiv2][body] POST https://www.googleapis.com/oauth2/v3/token [omitted]
[debug] [2022-10-31T23:29:34.147Z] <<< [apiv2][status] POST https://www.googleapis.com/oauth2/v3/token 200
[debug] [2022-10-31T23:29:34.147Z] <<< [apiv2][body] POST https://www.googleapis.com/oauth2/v3/token [omitted]
[debug] [2022-10-31T23:29:34.189Z] >>> [apiv2][query] GET https://firebase.googleapis.com/v1beta1/projects/portfolio-frontentd [none]
[debug] [2022-10-31T23:29:34.645Z] <<< [apiv2][status] GET https://firebase.googleapis.com/v1beta1/projects/portfolio-frontentd 200
[debug] [2022-10-31T23:29:34.645Z] <<< [apiv2][body] GET https://firebase.googleapis.com/v1beta1/projects/portfolio-frontentd {"projectId":"portfolio-frontentd","projectNumber":"173417343099","displayName":"Portfolio-FRONTENTD","name":"projects/portfolio-frontentd","resources":{"hostingSite":"portfolio-frontentd"},"state":"ACTIVE","etag":"1_a2067a9f-7c02-41fc-ae11-0951d59d7d49"}
[info] i  Using project portfolio-frontentd (Portfolio-FRONTENTD) 
[info] 
=== Hosting Setup
[info] 
[info] Your public directory is the folder (relative to your project directory) that
[info] will contain Hosting assets to be uploaded with firebase deploy. If you
[info] have a build process for your assets, use your build's output directory.
[info] 
[info] +  Wrote dist/portafolio/404.html 
[debug] [2022-10-31T23:29:57.974Z] >>> [apiv2][query] GET https://www.gstatic.com/firebasejs/releases.json [none]
[debug] [2022-10-31T23:29:58.179Z] <<< [apiv2][status] GET https://www.gstatic.com/firebasejs/releases.json 200
[debug] [2022-10-31T23:29:58.179Z] <<< [apiv2][body] GET https://www.gstatic.com/firebasejs/releases.json {"current":{"version":"9.13.0","browserURL":"https://www.gstatic.com/firebasejs/9.13.0/firebase.js","packageURL":"https://www.gstatic.com/firebasejs/9.13.0/firebase.tgz"},"live":{"version":"9.13","browserURL":"https://www.gstatic.com/firebasejs/live/9.13/firebase.js","packageURL":"https://www.gstatic.com/firebasejs/live/9.13/firebase.tgz"},"components":{"analytics":"https://www.gstatic.com/firebasejs/9.13.0/firebase-analytics.js","app":"https://www.gstatic.com/firebasejs/9.13.0/firebase-app.js","app-check":"https://www.gstatic.com/firebasejs/9.13.0/firebase-app-check.js","auth":"https://www.gstatic.com/firebasejs/9.13.0/firebase-auth.js","auth/cordova":"https://www.gstatic.com/firebasejs/9.13.0/firebase-auth/cordova.js","auth/react-native":"https://www.gstatic.com/firebasejs/9.13.0/firebase-auth/react-native.js","functions":"https://www.gstatic.com/firebasejs/9.13.0/firebase-functions.js","firestore":"https://www.gstatic.com/firebasejs/9.13.0/firebase-firestore.js","firestore/lite":"https://www.gstatic.com/firebasejs/9.13.0/firebase-firestore/lite.js","installations":"https://www.gstatic.com/firebasejs/9.13.0/firebase-installations.js","storage":"https://www.gstatic.com/firebasejs/9.13.0/firebase-storage.js","performance":"https://www.gstatic.com/firebasejs/9.13.0/firebase-performance.js","remote-config":"https://www.gstatic.com/firebasejs/9.13.0/firebase-remote-config.js","messaging":"https://www.gstatic.com/firebasejs/9.13.0/firebase-messaging.js","messaging/sw":"https://www.gstatic.com/firebasejs/9.13.0/firebase-messaging/sw.js","database":"https://www.gstatic.com/firebasejs/9.13.0/firebase-database.js","firestore.memory":"https://www.gstatic.com/firebasejs/9.13.0/firebase-firestore.memory.js"}}
[debug] [2022-10-31T23:30:54.364Z] ----------------------------------------------------------------------
[debug] [2022-10-31T23:30:54.368Z] Command:       C:\Program Files\nodejs\node.exe C:\Program Files\nodejs\node_modules\firebase-tools\lib\bin\firebase.js init
[debug] [2022-10-31T23:30:54.369Z] CLI Version:   11.15.0
[debug] [2022-10-31T23:30:54.369Z] Platform:      win32
[debug] [2022-10-31T23:30:54.370Z] Node Version:  v18.9.0
[debug] [2022-10-31T23:30:54.371Z] Time:          Mon Oct 31 2022 20:30:54 GMT-0300 (hora estándar de Argentina)
[debug] [2022-10-31T23:30:54.372Z] ----------------------------------------------------------------------
[debug] 
[debug] [2022-10-31T23:30:54.590Z] > command requires scopes: ["email","openid","https://www.googleapis.com/auth/cloudplatformprojects.readonly","https://www.googleapis.com/auth/firebase","https://www.googleapis.com/auth/cloud-platform"]
[debug] [2022-10-31T23:30:54.592Z] > authorizing via signed-in user (alanrubenmarquez@gmail.com)
[info] 
     ######## #### ########  ######## ########     ###     ######  ########
     ##        ##  ##     ## ##       ##     ##  ##   ##  ##       ##
     ######    ##  ########  ######   ########  #########  ######  ######
     ##        ##  ##    ##  ##       ##     ## ##     ##       ## ##
     ##       #### ##     ## ######## ########  ##     ##  ######  ########

You're about to initialize a Firebase project in this directory:

  C:\Users\yo\Documents\web design\Angular\portafolio

Before we get started, keep in mind:

  * You are initializing within an existing Firebase project directory

